<?xml version="1.0" encoding="UTF-8"?>
<!-- Generated by org.testng.reporters.JUnitReportReporter -->
<testsuite hostname="admin-desktop" failures="0" tests="2" name="com.bridgelabz.test.CampaignPageTest" time="51.270" errors="0" timestamp="2020-01-01T12:07:54 IST" skipped="0">
  <testcase classname="com.bridgelabz.test.CampaignPageTest" name="addOnlineCampaignForRegistrationTest" time="24.868"/>
  <testcase classname="com.bridgelabz.test.CampaignPageTest" name="addOnlineCampaignForMCQTest" time="26.402"/>
</testsuite> <!-- com.bridgelabz.test.CampaignPageTest -->
