<?xml version="1.0" encoding="UTF-8"?>
<!-- Generated by org.testng.reporters.JUnitReportReporter -->
<testsuite hostname="admin-desktop" failures="0" tests="1" name="com.bridgelabz.test.RegisterPageTest" time="22.945" errors="0" timestamp="2019-12-30T19:14:13 IST" skipped="0">
  <testcase classname="com.bridgelabz.test.RegisterPageTest" name="registrationTest" time="22.945"/>
</testsuite> <!-- com.bridgelabz.test.RegisterPageTest -->
