<?xml version="1.0" encoding="UTF-8"?>
<!-- Generated by org.testng.reporters.JUnitReportReporter -->
<testsuite hostname="admin-desktop" failures="0" tests="1" name="com.bridgelabz.test.LoginPageTest" time="40.108" errors="0" timestamp="2019-12-30T11:05:15 IST" skipped="0">
  <testcase classname="com.bridgelabz.test.LoginPageTest" name="loginTest" time="40.108"/>
</testsuite> <!-- com.bridgelabz.test.LoginPageTest -->
