<?xml version="1.0" encoding="UTF-8"?>
<!-- Generated by org.testng.reporters.JUnitReportReporter -->
<testsuite hostname="admin-desktop" failures="0" tests="2" name="com.bridgelabz.test.CampaignPageTest" time="53.705" errors="0" timestamp="2019-12-30T17:56:23 IST" skipped="0">
  <testcase classname="com.bridgelabz.test.CampaignPageTest" name="addOnlineCampaignForMCQTest" time="28.035"/>
  <testcase classname="com.bridgelabz.test.CampaignPageTest" name="addOnlineCampaignForRegistrationTest" time="25.670"/>
</testsuite> <!-- com.bridgelabz.test.CampaignPageTest -->
