<?xml version="1.0" encoding="UTF-8"?>
<!-- Generated by org.testng.reporters.JUnitReportReporter -->
<testsuite hostname="admin-desktop" failures="0" tests="5" name="com.bridgelabz.test.DashboardPageTest" time="83.069" errors="0" timestamp="2020-01-01T12:07:54 IST" skipped="0">
  <testcase classname="com.bridgelabz.test.DashboardPageTest" name="collegeLinkTest" time="17.081"/>
  <testcase classname="com.bridgelabz.test.DashboardPageTest" name="campaignLinkTest" time="17.554"/>
  <testcase classname="com.bridgelabz.test.DashboardPageTest" name="SettingsLinkTest" time="18.796"/>
  <testcase classname="com.bridgelabz.test.DashboardPageTest" name="driveLinkTest" time="17.165"/>
  <testcase classname="com.bridgelabz.test.DashboardPageTest" name="dashBordPageTitleTest" time="12.473"/>
</testsuite> <!-- com.bridgelabz.test.DashboardPageTest -->
