<?xml version="1.0" encoding="UTF-8"?>
<!-- Generated by org.testng.reporters.JUnitReportReporter -->
<testsuite hostname="admin-desktop" failures="0" tests="1" name="com.bridgelabz.test.RegisterPageTest" time="18.841" errors="0" timestamp="2020-01-01T12:07:54 IST" skipped="0">
  <testcase classname="com.bridgelabz.test.RegisterPageTest" name="registrationTest" time="18.841"/>
</testsuite> <!-- com.bridgelabz.test.RegisterPageTest -->
