<?xml version="1.0" encoding="UTF-8"?>
<!-- Generated by org.testng.reporters.JUnitReportReporter -->
<testsuite hostname="admin-desktop" failures="0" tests="1" name="com.bridgelabz.test.LoginPageTest" time="35.814" errors="0" timestamp="2019-12-27T16:43:26 IST" skipped="0">
  <testcase classname="com.bridgelabz.test.LoginPageTest" name="loginTest" time="35.814"/>
</testsuite> <!-- com.bridgelabz.test.LoginPageTest -->
