<?xml version="1.0" encoding="UTF-8"?>
<!-- Generated by org.testng.reporters.JUnitReportReporter -->
<testsuite hostname="admin-desktop" failures="0" tests="5" name="com.bridgelabz.test.DashboardPageTest" time="160.439" errors="0" timestamp="2019-12-28T13:08:03 IST" skipped="0">
  <testcase classname="com.bridgelabz.test.DashboardPageTest" name="dashBordPageTitleTest" time="29.445"/>
  <testcase classname="com.bridgelabz.test.DashboardPageTest" name="collegeLinkTest" time="26.449"/>
  <testcase classname="com.bridgelabz.test.DashboardPageTest" name="campaignLinkTest" time="23.639"/>
  <testcase classname="com.bridgelabz.test.DashboardPageTest" name="SettingsLinkTest" time="38.336"/>
  <testcase classname="com.bridgelabz.test.DashboardPageTest" name="driveLinkTest" time="42.570"/>
</testsuite> <!-- com.bridgelabz.test.DashboardPageTest -->
