<?xml version="1.0" encoding="UTF-8"?>
<!-- Generated by org.testng.reporters.JUnitReportReporter -->
<testsuite hostname="admin-desktop" failures="0" tests="1" name="com.bridgelabz.test.CampaignPageTest" time="26.133" errors="0" timestamp="2019-12-28T19:20:43 IST" skipped="0">
  <testcase classname="com.bridgelabz.test.CampaignPageTest" name="addOnlineCampaignTest" time="26.133"/>
</testsuite> <!-- com.bridgelabz.test.CampaignPageTest -->
